<?xml version="1.0" encoding="UTF-8"?>
<robot generator="Robot 3.1.2 (Python 3.8.2 on win32)" generated="20200424 22:43:04.648" rpa="false">
<suite id="s1" name="TC 20" source="C:\Users\Pranjal Kasar\PycharmProjects\RobotAutomation\TestCase\TC_20.robot">
<test id="s1-t1" name="TC_20">
<kw name="Open Browser" library="SeleniumLibrary">
<doc>Opens a new browser instance to the optional ``url``.</doc>
<arguments>
<arg>${URL}</arg>
<arg>${Browser}</arg>
</arguments>
<msg timestamp="20200424 22:43:05.542" level="INFO">Opening browser 'Chrome' to base url 'https://www.thetestingworld.com/testings/'.</msg>
<status status="PASS" starttime="20200424 22:43:05.538" endtime="20200424 22:43:14.138"></status>
</kw>
<kw name="Maximize Browser Window" library="SeleniumLibrary">
<doc>Maximizes current browser window.</doc>
<status status="PASS" starttime="20200424 22:43:14.146" endtime="20200424 22:43:15.312"></status>
</kw>
<kw name="Read Element Locator">
<arguments>
<arg>Registration.username_textbox_name</arg>
</arguments>
<assign>
<var>${lodalasan}</var>
</assign>
<kw name="Read Locator From Json" library="Locators">
<arguments>
<arg>${pillu}</arg>
</arguments>
<assign>
<var>${result}</var>
</assign>
<msg timestamp="20200424 22:43:15.324" level="INFO">${result} = fld_username</msg>
<status status="PASS" starttime="20200424 22:43:15.316" endtime="20200424 22:43:15.324"></status>
</kw>
<msg timestamp="20200424 22:43:15.324" level="INFO">${lodalasan} = fld_username</msg>
<status status="PASS" starttime="20200424 22:43:15.316" endtime="20200424 22:43:15.324"></status>
</kw>
<kw name="Input Text" library="SeleniumLibrary">
<doc>Types the given ``text`` into the text field identified by ``locator``.</doc>
<arguments>
<arg>name:${lodalasan}</arg>
<arg>Priyanka</arg>
</arguments>
<msg timestamp="20200424 22:43:15.332" level="INFO">Typing text 'Priyanka' into text field 'name:fld_username'.</msg>
<status status="PASS" starttime="20200424 22:43:15.328" endtime="20200424 22:43:16.117"></status>
</kw>
<kw name="Input Text" library="SeleniumLibrary">
<doc>Types the given ``text`` into the text field identified by ``locator``.</doc>
<arguments>
<arg>xpath://*[@id="tab-content1"]/form/input[3]</arg>
<arg>PriyankaCutie@beautiful.com</arg>
</arguments>
<msg timestamp="20200424 22:43:16.121" level="INFO">Typing text 'PriyankaCutie@beautiful.com' into text field 'xpath://*[@id="tab-content1"]/form/input[3]'.</msg>
<status status="PASS" starttime="20200424 22:43:16.121" endtime="20200424 22:43:17.185"></status>
</kw>
<status status="PASS" starttime="20200424 22:43:05.534" endtime="20200424 22:43:17.185" critical="yes"></status>
</test>
<status status="PASS" starttime="20200424 22:43:04.652" endtime="20200424 22:43:17.193"></status>
</suite>
<statistics>
<total>
<stat pass="1" fail="0">Critical Tests</stat>
<stat pass="1" fail="0">All Tests</stat>
</total>
<tag>
</tag>
<suite>
<stat pass="1" fail="0" id="s1" name="TC 20">TC 20</stat>
</suite>
</statistics>
<errors>
</errors>
</robot>
